<?xml version="1.0" encoding="UTF-8"?>
<testsuites>
    <testsuite name=";" tests="7" failures="0" skipped="0">
        <properties>
            <property name="URI" value="C:\Users\jitma\Desktop\Coffee-machine\features\selection_Successful_Interactions.feature">
            </property>
        </properties>
        <testcase name="Given that the machine is plugged in" classname=";" time="0.0008678">
        </testcase>
        <testcase name="And there is water available" classname=";" time="0.00018">
        </testcase>
        <testcase name="And the user has paid enough money" classname=";" time="0.000405299">
        </testcase>
        <testcase name="Given that the user has selected kaffemjolksocker" classname=";" time="0.0002294">
        </testcase>
        <testcase name="And there is enough components for kaffemjolksocker" classname=";" time="0.0003639">
        </testcase>
        <testcase name="When the user presses the startbutton" classname=";" time="0.0001827">
        </testcase>
        <testcase name="Then the user recieves 1 cup of beverage" classname=";" time="0.000211">
        </testcase>
    </testsuite>
    <testsuite name=";" tests="7" failures="0" skipped="4">
        <properties>
            <property name="URI" value="C:\Users\jitma\Desktop\Coffee-machine\features\selection_Successful_Interactions.feature">
            </property>
        </properties>
        <testcase name="Given that the machine is plugged in" classname=";" time="0.000138201">
        </testcase>
        <testcase name="And there is water available" classname=";" time="0.0001064">
        </testcase>
        <testcase name="And the user has paid enough money" classname=";" time="0.000134">
        </testcase>
        <testcase name="Given that the user has selected kaffemjolk" classname=";">
            <skipped message="">
            </skipped>
        </testcase>
        <testcase name="And there is enough components for kaffemjolk" classname=";">
            <skipped message="">
            </skipped>
        </testcase>
        <testcase name="When the user presses the startbutton" classname=";">
            <skipped message="">
            </skipped>
        </testcase>
        <testcase name="Then the user recieves 1 cup of beverage" classname=";">
            <skipped message="">
            </skipped>
        </testcase>
    </testsuite>
    <testsuite name=";" tests="7" failures="0" skipped="4">
        <properties>
            <property name="URI" value="C:\Users\jitma\Desktop\Coffee-machine\features\selection_Successful_Interactions.feature">
            </property>
        </properties>
        <testcase name="Given that the machine is plugged in" classname=";" time="0.0001106">
        </testcase>
        <testcase name="And there is water available" classname=";" time="0.0001417">
        </testcase>
        <testcase name="And the user has paid enough money" classname=";" time="0.000161901">
        </testcase>
        <testcase name="Given that the user has selected kaffesocker" classname=";">
            <skipped message="">
            </skipped>
        </testcase>
        <testcase name="And there is enough components for kaffesocker" classname=";">
            <skipped message="">
            </skipped>
        </testcase>
        <testcase name="When the user presses the startbutton" classname=";">
            <skipped message="">
            </skipped>
        </testcase>
        <testcase name="Then the user recieves 1 cup of beverage" classname=";">
            <skipped message="">
            </skipped>
        </testcase>
    </testsuite>
    <testsuite name=";" tests="7" failures="0" skipped="4">
        <properties>
            <property name="URI" value="C:\Users\jitma\Desktop\Coffee-machine\features\selection_Successful_Interactions.feature">
            </property>
        </properties>
        <testcase name="Given that the machine is plugged in" classname=";" time="0.0001229">
        </testcase>
        <testcase name="And there is water available" classname=";" time="0.0001496">
        </testcase>
        <testcase name="And the user has paid enough money" classname=";" time="0.0000962">
        </testcase>
        <testcase name="Given that the user has selected kaffe" classname=";">
            <skipped message="">
            </skipped>
        </testcase>
        <testcase name="And there is enough components for kaffe" classname=";">
            <skipped message="">
            </skipped>
        </testcase>
        <testcase name="When the user presses the startbutton" classname=";">
            <skipped message="">
            </skipped>
        </testcase>
        <testcase name="Then the user recieves 1 cup of beverage" classname=";">
            <skipped message="">
            </skipped>
        </testcase>
    </testsuite>
    <testsuite name=";" tests="7" failures="0" skipped="4">
        <properties>
            <property name="URI" value="C:\Users\jitma\Desktop\Coffee-machine\features\selection_Successful_Interactions.feature">
            </property>
        </properties>
        <testcase name="Given that the machine is plugged in" classname=";" time="0.0001765">
        </testcase>
        <testcase name="And there is water available" classname=";" time="0.0001179">
        </testcase>
        <testcase name="And the user has paid enough money" classname=";" time="0.0001728">
        </testcase>
        <testcase name="Given that the user has selected latte" classname=";">
            <skipped message="">
            </skipped>
        </testcase>
        <testcase name="And there is enough components for latte" classname=";">
            <skipped message="">
            </skipped>
        </testcase>
        <testcase name="When the user presses the startbutton" classname=";">
            <skipped message="">
            </skipped>
        </testcase>
        <testcase name="Then the user recieves 1 cup of beverage" classname=";">
            <skipped message="">
            </skipped>
        </testcase>
    </testsuite>
    <testsuite name=";" tests="7" failures="0" skipped="4">
        <properties>
            <property name="URI" value="C:\Users\jitma\Desktop\Coffee-machine\features\selection_Successful_Interactions.feature">
            </property>
        </properties>
        <testcase name="Given that the machine is plugged in" classname=";" time="0.0001308">
        </testcase>
        <testcase name="And there is water available" classname=";" time="0.000127601">
        </testcase>
        <testcase name="And the user has paid enough money" classname=";" time="0.000110201">
        </testcase>
        <testcase name="Given that the user has selected te" classname=";">
            <skipped message="">
            </skipped>
        </testcase>
        <testcase name="And there is enough components for te" classname=";">
            <skipped message="">
            </skipped>
        </testcase>
        <testcase name="When the user presses the startbutton" classname=";">
            <skipped message="">
            </skipped>
        </testcase>
        <testcase name="Then the user recieves 1 cup of beverage" classname=";">
            <skipped message="">
            </skipped>
        </testcase>
    </testsuite>
    <testsuite name=";" tests="7" failures="0" skipped="4">
        <properties>
            <property name="URI" value="C:\Users\jitma\Desktop\Coffee-machine\features\selection_Successful_Interactions.feature">
            </property>
        </properties>
        <testcase name="Given that the machine is plugged in" classname=";" time="0.0001174">
        </testcase>
        <testcase name="And there is water available" classname=";" time="0.0000988">
        </testcase>
        <testcase name="And the user has paid enough money" classname=";" time="0.000132401">
        </testcase>
        <testcase name="Given that the user has selected choklad" classname=";">
            <skipped message="">
            </skipped>
        </testcase>
        <testcase name="And there is enough components for choklad" classname=";">
            <skipped message="">
            </skipped>
        </testcase>
        <testcase name="When the user presses the startbutton" classname=";">
            <skipped message="">
            </skipped>
        </testcase>
        <testcase name="Then the user recieves 1 cup of beverage" classname=";">
            <skipped message="">
            </skipped>
        </testcase>
    </testsuite>
    <testsuite name=";" tests="7" failures="0" skipped="4">
        <properties>
            <property name="URI" value="C:\Users\jitma\Desktop\Coffee-machine\features\selection_Successful_Interactions.feature">
            </property>
        </properties>
        <testcase name="Given that the machine is plugged in" classname=";" time="0.0000916">
        </testcase>
        <testcase name="And there is water available" classname=";" time="0.0001564">
        </testcase>
        <testcase name="And the user has paid enough money" classname=";" time="0.000197401">
        </testcase>
        <testcase name="Given that the user has selected kanna" classname=";">
            <skipped message="">
            </skipped>
        </testcase>
        <testcase name="And there is enough components for kanna" classname=";">
            <skipped message="">
            </skipped>
        </testcase>
        <testcase name="When the user presses the startbutton" classname=";">
            <skipped message="">
            </skipped>
        </testcase>
        <testcase name="Then the user recieves 0 cup of beverage" classname=";">
            <skipped message="">
            </skipped>
        </testcase>
    </testsuite>
    <testsuite name=";user-selects-a-beverage(coffee,latte,te,chocolate),-the-button-lights-up-and-the-others-goes-dark" tests="8" failures="0" skipped="5">
        <properties>
            <property name="URI" value="C:\Users\jitma\Desktop\Coffee-machine\features\selection_Successful_Interactions.feature">
            </property>
        </properties>
        <testcase name="Given that the machine is plugged in" classname=";user-selects-a-beverage(coffee,latte,te,chocolate),-the-button-lights-up-and-the-others-goes-dark" time="0.000185999">
        </testcase>
        <testcase name="And there is water available" classname=";user-selects-a-beverage(coffee,latte,te,chocolate),-the-button-lights-up-and-the-others-goes-dark" time="0.000140599">
        </testcase>
        <testcase name="And the user has paid enough money" classname=";user-selects-a-beverage(coffee,latte,te,chocolate),-the-button-lights-up-and-the-others-goes-dark" time="0.000116801">
        </testcase>
        <testcase name="When the user presses the kaffe button" classname=";user-selects-a-beverage(coffee,latte,te,chocolate),-the-button-lights-up-and-the-others-goes-dark">
            <skipped message="">
            </skipped>
        </testcase>
        <testcase name="Then the button should light up" classname=";user-selects-a-beverage(coffee,latte,te,chocolate),-the-button-lights-up-and-the-others-goes-dark">
            <skipped message="">
            </skipped>
        </testcase>
        <testcase name="And the te should go dark" classname=";user-selects-a-beverage(coffee,latte,te,chocolate),-the-button-lights-up-and-the-others-goes-dark">
            <skipped message="">
            </skipped>
        </testcase>
        <testcase name="And the latte should go dark" classname=";user-selects-a-beverage(coffee,latte,te,chocolate),-the-button-lights-up-and-the-others-goes-dark">
            <skipped message="">
            </skipped>
        </testcase>
        <testcase name="And the chocolate should go dark" classname=";user-selects-a-beverage(coffee,latte,te,chocolate),-the-button-lights-up-and-the-others-goes-dark">
            <skipped message="">
            </skipped>
        </testcase>
    </testsuite>
    <testsuite name=";user-selects-a-beverage(coffee,latte,te,chocolate),-the-button-lights-up-and-the-others-goes-dark" tests="8" failures="0" skipped="5">
        <properties>
            <property name="URI" value="C:\Users\jitma\Desktop\Coffee-machine\features\selection_Successful_Interactions.feature">
            </property>
        </properties>
        <testcase name="Given that the machine is plugged in" classname=";user-selects-a-beverage(coffee,latte,te,chocolate),-the-button-lights-up-and-the-others-goes-dark" time="0.000081899">
        </testcase>
        <testcase name="And there is water available" classname=";user-selects-a-beverage(coffee,latte,te,chocolate),-the-button-lights-up-and-the-others-goes-dark" time="0.000089299">
        </testcase>
        <testcase name="And the user has paid enough money" classname=";user-selects-a-beverage(coffee,latte,te,chocolate),-the-button-lights-up-and-the-others-goes-dark" time="0.000168">
        </testcase>
        <testcase name="When the user presses the latte button" classname=";user-selects-a-beverage(coffee,latte,te,chocolate),-the-button-lights-up-and-the-others-goes-dark">
            <skipped message="">
            </skipped>
        </testcase>
        <testcase name="Then the button should light up" classname=";user-selects-a-beverage(coffee,latte,te,chocolate),-the-button-lights-up-and-the-others-goes-dark">
            <skipped message="">
            </skipped>
        </testcase>
        <testcase name="And the kaffe should go dark" classname=";user-selects-a-beverage(coffee,latte,te,chocolate),-the-button-lights-up-and-the-others-goes-dark">
            <skipped message="">
            </skipped>
        </testcase>
        <testcase name="And the te should go dark" classname=";user-selects-a-beverage(coffee,latte,te,chocolate),-the-button-lights-up-and-the-others-goes-dark">
            <skipped message="">
            </skipped>
        </testcase>
        <testcase name="And the chocolate should go dark" classname=";user-selects-a-beverage(coffee,latte,te,chocolate),-the-button-lights-up-and-the-others-goes-dark">
            <skipped message="">
            </skipped>
        </testcase>
    </testsuite>
    <testsuite name=";user-selects-a-beverage(coffee,latte,te,chocolate),-the-button-lights-up-and-the-others-goes-dark" tests="8" failures="0" skipped="5">
        <properties>
            <property name="URI" value="C:\Users\jitma\Desktop\Coffee-machine\features\selection_Successful_Interactions.feature">
            </property>
        </properties>
        <testcase name="Given that the machine is plugged in" classname=";user-selects-a-beverage(coffee,latte,te,chocolate),-the-button-lights-up-and-the-others-goes-dark" time="0.000102199">
        </testcase>
        <testcase name="And there is water available" classname=";user-selects-a-beverage(coffee,latte,te,chocolate),-the-button-lights-up-and-the-others-goes-dark" time="0.000134899">
        </testcase>
        <testcase name="And the user has paid enough money" classname=";user-selects-a-beverage(coffee,latte,te,chocolate),-the-button-lights-up-and-the-others-goes-dark" time="0.000174399">
        </testcase>
        <testcase name="When the user presses the te button" classname=";user-selects-a-beverage(coffee,latte,te,chocolate),-the-button-lights-up-and-the-others-goes-dark">
            <skipped message="">
            </skipped>
        </testcase>
        <testcase name="Then the button should light up" classname=";user-selects-a-beverage(coffee,latte,te,chocolate),-the-button-lights-up-and-the-others-goes-dark">
            <skipped message="">
            </skipped>
        </testcase>
        <testcase name="And the kaffe should go dark" classname=";user-selects-a-beverage(coffee,latte,te,chocolate),-the-button-lights-up-and-the-others-goes-dark">
            <skipped message="">
            </skipped>
        </testcase>
        <testcase name="And the latte should go dark" classname=";user-selects-a-beverage(coffee,latte,te,chocolate),-the-button-lights-up-and-the-others-goes-dark">
            <skipped message="">
            </skipped>
        </testcase>
        <testcase name="And the chocolate should go dark" classname=";user-selects-a-beverage(coffee,latte,te,chocolate),-the-button-lights-up-and-the-others-goes-dark">
            <skipped message="">
            </skipped>
        </testcase>
    </testsuite>
    <testsuite name=";user-selects-a-beverage(coffee,latte,te,chocolate),-the-button-lights-up-and-the-others-goes-dark" tests="8" failures="0" skipped="5">
        <properties>
            <property name="URI" value="C:\Users\jitma\Desktop\Coffee-machine\features\selection_Successful_Interactions.feature">
            </property>
        </properties>
        <testcase name="Given that the machine is plugged in" classname=";user-selects-a-beverage(coffee,latte,te,chocolate),-the-button-lights-up-and-the-others-goes-dark" time="0.0000791">
        </testcase>
        <testcase name="And there is water available" classname=";user-selects-a-beverage(coffee,latte,te,chocolate),-the-button-lights-up-and-the-others-goes-dark" time="0.0001278">
        </testcase>
        <testcase name="And the user has paid enough money" classname=";user-selects-a-beverage(coffee,latte,te,chocolate),-the-button-lights-up-and-the-others-goes-dark" time="0.000150301">
        </testcase>
        <testcase name="When the user presses the chocolate button" classname=";user-selects-a-beverage(coffee,latte,te,chocolate),-the-button-lights-up-and-the-others-goes-dark">
            <skipped message="">
            </skipped>
        </testcase>
        <testcase name="Then the button should light up" classname=";user-selects-a-beverage(coffee,latte,te,chocolate),-the-button-lights-up-and-the-others-goes-dark">
            <skipped message="">
            </skipped>
        </testcase>
        <testcase name="And the kaffe should go dark" classname=";user-selects-a-beverage(coffee,latte,te,chocolate),-the-button-lights-up-and-the-others-goes-dark">
            <skipped message="">
            </skipped>
        </testcase>
        <testcase name="And the latte should go dark" classname=";user-selects-a-beverage(coffee,latte,te,chocolate),-the-button-lights-up-and-the-others-goes-dark">
            <skipped message="">
            </skipped>
        </testcase>
        <testcase name="And the te should go dark" classname=";user-selects-a-beverage(coffee,latte,te,chocolate),-the-button-lights-up-and-the-others-goes-dark">
            <skipped message="">
            </skipped>
        </testcase>
    </testsuite>
    <testsuite name=";user-buys-a-coffee-with-milk-and-sugar" tests="6" failures="0" skipped="3">
        <properties>
            <property name="URI" value="C:\Users\jitma\Desktop\Coffee-machine\features\selection_Successful_Interactions.feature">
            </property>
        </properties>
        <testcase name="Given that the machine is plugged in" classname=";user-buys-a-coffee-with-milk-and-sugar" time="0.0000837">
        </testcase>
        <testcase name="And there is water available" classname=";user-buys-a-coffee-with-milk-and-sugar" time="0.000115">
        </testcase>
        <testcase name="And the user has paid enough money" classname=";user-buys-a-coffee-with-milk-and-sugar" time="0.000100401">
        </testcase>
        <testcase name="When the user selects a coffee with milk and sugar" classname=";user-buys-a-coffee-with-milk-and-sugar">
            <skipped message="">
            </skipped>
        </testcase>
        <testcase name="And presses the startbutton" classname=";user-buys-a-coffee-with-milk-and-sugar">
            <skipped message="">
            </skipped>
        </testcase>
        <testcase name="Then the coffee machine brews a coffee with milk and sugar" classname=";user-buys-a-coffee-with-milk-and-sugar">
            <skipped message="">
            </skipped>
        </testcase>
    </testsuite>
</testsuites>