<?xml version="1.0" encoding="UTF-8"?>
<testsuites>
    <testsuite name=";the-user-inserts-a-lot-of-different-coins-and-wants-the-correct-change" tests="10" failures="0" skipped="0">
        <properties>
            <property name="URI" value="C:/Users/jitma/Desktop/Coffee-machine/features/money_Interactions.feature">
            </property>
        </properties>
        <testcase name="Given that the machine is plugged in" classname=";the-user-inserts-a-lot-of-different-coins-and-wants-the-correct-change" time="0.001307299">
        </testcase>
        <testcase name="When I have inserted a 10 coin" classname=";the-user-inserts-a-lot-of-different-coins-and-wants-the-correct-change" time="0.0003268">
        </testcase>
        <testcase name="And a 0 coin" classname=";the-user-inserts-a-lot-of-different-coins-and-wants-the-correct-change" time="0.000227099">
        </testcase>
        <testcase name="And a 0 coin" classname=";the-user-inserts-a-lot-of-different-coins-and-wants-the-correct-change" time="0.0001465">
        </testcase>
        <testcase name="And a 0 coin" classname=";the-user-inserts-a-lot-of-different-coins-and-wants-the-correct-change" time="0.000128">
        </testcase>
        <testcase name="And a 0 coin" classname=";the-user-inserts-a-lot-of-different-coins-and-wants-the-correct-change" time="0.0000956">
        </testcase>
        <testcase name="And a 0 coin" classname=";the-user-inserts-a-lot-of-different-coins-and-wants-the-correct-change" time="0.0000951">
        </testcase>
        <testcase name="And a 0 coin" classname=";the-user-inserts-a-lot-of-different-coins-and-wants-the-correct-change" time="0.000117701">
        </testcase>
        <testcase name="And I press the startbutton" classname=";the-user-inserts-a-lot-of-different-coins-and-wants-the-correct-change" time="0.0002085">
        </testcase>
        <testcase name="Then i should recieve 0kr in coins back" classname=";the-user-inserts-a-lot-of-different-coins-and-wants-the-correct-change" time="0.000311001">
        </testcase>
    </testsuite>
    <testsuite name=";the-user-inserts-a-lot-of-different-coins-and-wants-the-correct-change" tests="10" failures="0" skipped="0">
        <properties>
            <property name="URI" value="C:/Users/jitma/Desktop/Coffee-machine/features/money_Interactions.feature">
            </property>
        </properties>
        <testcase name="Given that the machine is plugged in" classname=";the-user-inserts-a-lot-of-different-coins-and-wants-the-correct-change" time="0.0001518">
        </testcase>
        <testcase name="When I have inserted a 1 coin" classname=";the-user-inserts-a-lot-of-different-coins-and-wants-the-correct-change" time="0.0001335">
        </testcase>
        <testcase name="And a 1 coin" classname=";the-user-inserts-a-lot-of-different-coins-and-wants-the-correct-change" time="0.0001562">
        </testcase>
        <testcase name="And a 1 coin" classname=";the-user-inserts-a-lot-of-different-coins-and-wants-the-correct-change" time="0.0000911">
        </testcase>
        <testcase name="And a 2 coin" classname=";the-user-inserts-a-lot-of-different-coins-and-wants-the-correct-change" time="0.000122101">
        </testcase>
        <testcase name="And a 2 coin" classname=";the-user-inserts-a-lot-of-different-coins-and-wants-the-correct-change" time="0.0000795">
        </testcase>
        <testcase name="And a 2 coin" classname=";the-user-inserts-a-lot-of-different-coins-and-wants-the-correct-change" time="0.0000943">
        </testcase>
        <testcase name="And a 2 coin" classname=";the-user-inserts-a-lot-of-different-coins-and-wants-the-correct-change" time="0.000081199">
        </testcase>
        <testcase name="And I press the startbutton" classname=";the-user-inserts-a-lot-of-different-coins-and-wants-the-correct-change" time="0.000058499">
        </testcase>
        <testcase name="Then i should recieve 1kr in coins back" classname=";the-user-inserts-a-lot-of-different-coins-and-wants-the-correct-change" time="0.000082399">
        </testcase>
    </testsuite>
    <testsuite name=";the-user-inserts-a-lot-of-different-coins-and-wants-the-correct-change" tests="10" failures="0" skipped="0">
        <properties>
            <property name="URI" value="C:/Users/jitma/Desktop/Coffee-machine/features/money_Interactions.feature">
            </property>
        </properties>
        <testcase name="Given that the machine is plugged in" classname=";the-user-inserts-a-lot-of-different-coins-and-wants-the-correct-change" time="0.000076">
        </testcase>
        <testcase name="When I have inserted a 5 coin" classname=";the-user-inserts-a-lot-of-different-coins-and-wants-the-correct-change" time="0.0001411">
        </testcase>
        <testcase name="And a 2 coin" classname=";the-user-inserts-a-lot-of-different-coins-and-wants-the-correct-change" time="0.000133201">
        </testcase>
        <testcase name="And a 2 coin" classname=";the-user-inserts-a-lot-of-different-coins-and-wants-the-correct-change" time="0.000078099">
        </testcase>
        <testcase name="And a 2 coin" classname=";the-user-inserts-a-lot-of-different-coins-and-wants-the-correct-change" time="0.0000677">
        </testcase>
        <testcase name="And a 0 coin" classname=";the-user-inserts-a-lot-of-different-coins-and-wants-the-correct-change" time="0.000071">
        </testcase>
        <testcase name="And a 0 coin" classname=";the-user-inserts-a-lot-of-different-coins-and-wants-the-correct-change" time="0.0000958">
        </testcase>
        <testcase name="And a 0 coin" classname=";the-user-inserts-a-lot-of-different-coins-and-wants-the-correct-change" time="0.0000663">
        </testcase>
        <testcase name="And I press the startbutton" classname=";the-user-inserts-a-lot-of-different-coins-and-wants-the-correct-change" time="0.000057799">
        </testcase>
        <testcase name="Then i should recieve 1kr in coins back" classname=";the-user-inserts-a-lot-of-different-coins-and-wants-the-correct-change" time="0.0000715">
        </testcase>
    </testsuite>
    <testsuite name=";the-user-inserts-a-lot-of-different-coins-and-wants-the-correct-change" tests="10" failures="0" skipped="0">
        <properties>
            <property name="URI" value="C:/Users/jitma/Desktop/Coffee-machine/features/money_Interactions.feature">
            </property>
        </properties>
        <testcase name="Given that the machine is plugged in" classname=";the-user-inserts-a-lot-of-different-coins-and-wants-the-correct-change" time="0.000076099">
        </testcase>
        <testcase name="When I have inserted a 10 coin" classname=";the-user-inserts-a-lot-of-different-coins-and-wants-the-correct-change" time="0.0000968">
        </testcase>
        <testcase name="And a 5 coin" classname=";the-user-inserts-a-lot-of-different-coins-and-wants-the-correct-change" time="0.0000857">
        </testcase>
        <testcase name="And a 5 coin" classname=";the-user-inserts-a-lot-of-different-coins-and-wants-the-correct-change" time="0.0000857">
        </testcase>
        <testcase name="And a 2 coin" classname=";the-user-inserts-a-lot-of-different-coins-and-wants-the-correct-change" time="0.0000617">
        </testcase>
        <testcase name="And a 1 coin" classname=";the-user-inserts-a-lot-of-different-coins-and-wants-the-correct-change" time="0.000058899">
        </testcase>
        <testcase name="And a 0 coin" classname=";the-user-inserts-a-lot-of-different-coins-and-wants-the-correct-change" time="0.0000586">
        </testcase>
        <testcase name="And a 0 coin" classname=";the-user-inserts-a-lot-of-different-coins-and-wants-the-correct-change" time="0.0000824">
        </testcase>
        <testcase name="And I press the startbutton" classname=";the-user-inserts-a-lot-of-different-coins-and-wants-the-correct-change" time="0.0000945">
        </testcase>
        <testcase name="Then i should recieve 13kr in coins back" classname=";the-user-inserts-a-lot-of-different-coins-and-wants-the-correct-change" time="0.0000709">
        </testcase>
    </testsuite>
    <testsuite name=";the-user-inserts-something-that-is-not-a-valid-coin-into-the-coinsocket" tests="3" failures="0" skipped="0">
        <properties>
            <property name="URI" value="C:/Users/jitma/Desktop/Coffee-machine/features/money_Interactions.feature">
            </property>
        </properties>
        <testcase name="Given that the machine is plugged in" classname=";the-user-inserts-something-that-is-not-a-valid-coin-into-the-coinsocket" time="0.0000756">
        </testcase>
        <testcase name="When I insert something that is not a valid coin into the coinsocket" classname=";the-user-inserts-something-that-is-not-a-valid-coin-into-the-coinsocket" time="0.000196201">
        </testcase>
        <testcase name="Then I should get an error message" classname=";the-user-inserts-something-that-is-not-a-valid-coin-into-the-coinsocket" time="0.000166301">
        </testcase>
    </testsuite>
    <testsuite name=";the-user-puts-in-a-coin,-and-then-pays-by-card" tests="5" failures="0" skipped="0">
        <properties>
            <property name="URI" value="C:/Users/jitma/Desktop/Coffee-machine/features/money_Interactions.feature">
            </property>
        </properties>
        <testcase name="Given that the machine is plugged in" classname=";the-user-puts-in-a-coin,-and-then-pays-by-card" time="0.000077">
        </testcase>
        <testcase name="When I insert a 5kr coin" classname=";the-user-puts-in-a-coin,-and-then-pays-by-card" time="0.0001821">
        </testcase>
        <testcase name="And I pay 10kr with card" classname=";the-user-puts-in-a-coin,-and-then-pays-by-card" time="0.0002821">
        </testcase>
        <testcase name="And i press the startbutton" classname=";the-user-puts-in-a-coin,-and-then-pays-by-card" time="0.000112701">
        </testcase>
        <testcase name="Then i should recieve 5kr in change" classname=";the-user-puts-in-a-coin,-and-then-pays-by-card" time="0.0001589">
        </testcase>
    </testsuite>
    <testsuite name=";the-user-puts-in-a-coin,-and-then-pays-by-card" tests="5" failures="0" skipped="0">
        <properties>
            <property name="URI" value="C:/Users/jitma/Desktop/Coffee-machine/features/money_Interactions.feature">
            </property>
        </properties>
        <testcase name="Given that the machine is plugged in" classname=";the-user-puts-in-a-coin,-and-then-pays-by-card" time="0.0000969">
        </testcase>
        <testcase name="When I insert a 2kr coin" classname=";the-user-puts-in-a-coin,-and-then-pays-by-card" time="0.0000855">
        </testcase>
        <testcase name="And I pay 10kr with card" classname=";the-user-puts-in-a-coin,-and-then-pays-by-card" time="0.000090799">
        </testcase>
        <testcase name="And i press the startbutton" classname=";the-user-puts-in-a-coin,-and-then-pays-by-card" time="0.000063001">
        </testcase>
        <testcase name="Then i should recieve 2kr in change" classname=";the-user-puts-in-a-coin,-and-then-pays-by-card" time="0.0000894">
        </testcase>
    </testsuite>
    <testsuite name=";the-user-puts-in-a-coin,-and-then-pays-by-card" tests="5" failures="0" skipped="0">
        <properties>
            <property name="URI" value="C:/Users/jitma/Desktop/Coffee-machine/features/money_Interactions.feature">
            </property>
        </properties>
        <testcase name="Given that the machine is plugged in" classname=";the-user-puts-in-a-coin,-and-then-pays-by-card" time="0.0000769">
        </testcase>
        <testcase name="When I insert a 1kr coin" classname=";the-user-puts-in-a-coin,-and-then-pays-by-card" time="0.0000818">
        </testcase>
        <testcase name="And I pay 10kr with card" classname=";the-user-puts-in-a-coin,-and-then-pays-by-card" time="0.001006">
        </testcase>
        <testcase name="And i press the startbutton" classname=";the-user-puts-in-a-coin,-and-then-pays-by-card" time="0.0000578">
        </testcase>
        <testcase name="Then i should recieve 1kr in change" classname=";the-user-puts-in-a-coin,-and-then-pays-by-card" time="0.000058601">
        </testcase>
    </testsuite>
    <testsuite name=";the-user-pays-with-a-card-without-enough-funds-on-it" tests="4" failures="0" skipped="0">
        <properties>
            <property name="URI" value="C:/Users/jitma/Desktop/Coffee-machine/features/money_Interactions.feature">
            </property>
        </properties>
        <testcase name="Given that the machine is plugged in" classname=";the-user-pays-with-a-card-without-enough-funds-on-it" time="0.0000673">
        </testcase>
        <testcase name="When i pay by card" classname=";the-user-pays-with-a-card-without-enough-funds-on-it" time="0.0002246">
        </testcase>
        <testcase name="And i do not have enough money" classname=";the-user-pays-with-a-card-without-enough-funds-on-it" time="0.000250901">
        </testcase>
        <testcase name="Then i should get a message that i do not have enough funds" classname=";the-user-pays-with-a-card-without-enough-funds-on-it" time="0.0000979">
        </testcase>
    </testsuite>
    <testsuite name=";the-user-tries-to-buy-a-coffee-without-inserting-enough-money" tests="4" failures="0" skipped="0">
        <properties>
            <property name="URI" value="C:/Users/jitma/Desktop/Coffee-machine/features/money_Interactions.feature">
            </property>
        </properties>
        <testcase name="Given that the machine is plugged in" classname=";the-user-tries-to-buy-a-coffee-without-inserting-enough-money" time="0.000130801">
        </testcase>
        <testcase name="Given that i have not inserted enough money" classname=";the-user-tries-to-buy-a-coffee-without-inserting-enough-money" time="0.0002851">
        </testcase>
        <testcase name="When I press the startbutton" classname=";the-user-tries-to-buy-a-coffee-without-inserting-enough-money" time="0.0000921">
        </testcase>
        <testcase name="Then I should get a message that i have not inserted enough money" classname=";the-user-tries-to-buy-a-coffee-without-inserting-enough-money" time="0.000212301">
        </testcase>
    </testsuite>
    <testsuite name=";the-user-presses-the-cancel-button-when-the-machine-is-not-brewing" tests="5" failures="0" skipped="0">
        <properties>
            <property name="URI" value="C:/Users/jitma/Desktop/Coffee-machine/features/money_Interactions.feature">
            </property>
        </properties>
        <testcase name="Given that the machine is plugged in" classname=";the-user-presses-the-cancel-button-when-the-machine-is-not-brewing" time="0.000072499">
        </testcase>
        <testcase name="Given that i have payed 10 kr" classname=";the-user-presses-the-cancel-button-when-the-machine-is-not-brewing" time="0.0001974">
        </testcase>
        <testcase name="And have not pressed the startbutton" classname=";the-user-presses-the-cancel-button-when-the-machine-is-not-brewing" time="0.0001425">
        </testcase>
        <testcase name="When i press the cancelbutton" classname=";the-user-presses-the-cancel-button-when-the-machine-is-not-brewing" time="0.000117001">
        </testcase>
        <testcase name="Then i should get 10kr back" classname=";the-user-presses-the-cancel-button-when-the-machine-is-not-brewing" time="0.0001192">
        </testcase>
    </testsuite>
    <testsuite name=";the-user-presses-the-cancel-button-when-the-machine-is-not-brewing" tests="5" failures="0" skipped="0">
        <properties>
            <property name="URI" value="C:/Users/jitma/Desktop/Coffee-machine/features/money_Interactions.feature">
            </property>
        </properties>
        <testcase name="Given that the machine is plugged in" classname=";the-user-presses-the-cancel-button-when-the-machine-is-not-brewing" time="0.0000679">
        </testcase>
        <testcase name="Given that i have payed 13 kr" classname=";the-user-presses-the-cancel-button-when-the-machine-is-not-brewing" time="0.0001071">
        </testcase>
        <testcase name="And have not pressed the startbutton" classname=";the-user-presses-the-cancel-button-when-the-machine-is-not-brewing" time="0.000081201">
        </testcase>
        <testcase name="When i press the cancelbutton" classname=";the-user-presses-the-cancel-button-when-the-machine-is-not-brewing" time="0.0000676">
        </testcase>
        <testcase name="Then i should get 13kr back" classname=";the-user-presses-the-cancel-button-when-the-machine-is-not-brewing" time="0.000060201">
        </testcase>
    </testsuite>
    <testsuite name=";user-pays-with-card,-then-presses-the-cancelbutton" tests="5" failures="0" skipped="0">
        <properties>
            <property name="URI" value="C:/Users/jitma/Desktop/Coffee-machine/features/money_Interactions.feature">
            </property>
        </properties>
        <testcase name="Given that the machine is plugged in" classname=";user-pays-with-card,-then-presses-the-cancelbutton" time="0.0001037">
        </testcase>
        <testcase name="Given that the user has payed with card" classname=";user-pays-with-card,-then-presses-the-cancelbutton" time="0.000370999">
        </testcase>
        <testcase name="When the user presses the cancelbutton" classname=";user-pays-with-card,-then-presses-the-cancelbutton" time="0.0001566">
        </testcase>
        <testcase name="Then the user gets no change back" classname=";user-pays-with-card,-then-presses-the-cancelbutton" time="0.0001054">
        </testcase>
        <testcase name="And no money is deducted from the card" classname=";user-pays-with-card,-then-presses-the-cancelbutton" time="0.000212699">
        </testcase>
    </testsuite>
    <testsuite name=";" tests="6" failures="0" skipped="0">
        <properties>
            <property name="URI" value="C:/Users/jitma/Desktop/Coffee-machine/features/refilling_Interactions.feature">
            </property>
        </properties>
        <testcase name="Given that the machine is plugged in" classname=";" time="0.000063901">
        </testcase>
        <testcase name="And that I have opened the lid to the deposit" classname=";" time="0.000281299">
        </testcase>
        <testcase name="Given that the sugar deposit contains 0" classname=";" time="0.0001151">
        </testcase>
        <testcase name="And I put in 600 in the sugar deposit" classname=";" time="0.0005822">
        </testcase>
        <testcase name="When I close the lid of the deposit" classname=";" time="0.0001068">
        </testcase>
        <testcase name="Then I should have 600 in the sugar deposit" classname=";" time="0.0001109">
        </testcase>
    </testsuite>
    <testsuite name=";" tests="6" failures="0" skipped="0">
        <properties>
            <property name="URI" value="C:/Users/jitma/Desktop/Coffee-machine/features/refilling_Interactions.feature">
            </property>
        </properties>
        <testcase name="Given that the machine is plugged in" classname=";" time="0.000097501">
        </testcase>
        <testcase name="And that I have opened the lid to the deposit" classname=";" time="0.0001063">
        </testcase>
        <testcase name="Given that the sugar deposit contains 200" classname=";" time="0.000087501">
        </testcase>
        <testcase name="And I put in 50 in the sugar deposit" classname=";" time="0.000078899">
        </testcase>
        <testcase name="When I close the lid of the deposit" classname=";" time="0.0000713">
        </testcase>
        <testcase name="Then I should have 250 in the sugar deposit" classname=";" time="0.0000584">
        </testcase>
    </testsuite>
    <testsuite name=";" tests="6" failures="0" skipped="0">
        <properties>
            <property name="URI" value="C:/Users/jitma/Desktop/Coffee-machine/features/refilling_Interactions.feature">
            </property>
        </properties>
        <testcase name="Given that the machine is plugged in" classname=";" time="0.000093999">
        </testcase>
        <testcase name="And that I have opened the lid to the deposit" classname=";" time="0.0001275">
        </testcase>
        <testcase name="Given that the coffee deposit contains 10" classname=";" time="0.000204601">
        </testcase>
        <testcase name="And I put in 720 in the coffee deposit" classname=";" time="0.000133099">
        </testcase>
        <testcase name="When I close the lid of the deposit" classname=";" time="0.0000561">
        </testcase>
        <testcase name="Then I should have 730 in the coffee deposit" classname=";" time="0.000099899">
        </testcase>
    </testsuite>
    <testsuite name=";" tests="6" failures="0" skipped="0">
        <properties>
            <property name="URI" value="C:/Users/jitma/Desktop/Coffee-machine/features/refilling_Interactions.feature">
            </property>
        </properties>
        <testcase name="Given that the machine is plugged in" classname=";" time="0.0000662">
        </testcase>
        <testcase name="And that I have opened the lid to the deposit" classname=";" time="0.000081699">
        </testcase>
        <testcase name="Given that the coffee deposit contains 800" classname=";" time="0.0000535">
        </testcase>
        <testcase name="And I put in 137 in the coffee deposit" classname=";" time="0.000126">
        </testcase>
        <testcase name="When I close the lid of the deposit" classname=";" time="0.0000671">
        </testcase>
        <testcase name="Then I should have 937 in the coffee deposit" classname=";" time="0.000072701">
        </testcase>
    </testsuite>
    <testsuite name=";" tests="6" failures="0" skipped="0">
        <properties>
            <property name="URI" value="C:/Users/jitma/Desktop/Coffee-machine/features/refilling_Interactions.feature">
            </property>
        </properties>
        <testcase name="Given that the machine is plugged in" classname=";" time="0.0000714">
        </testcase>
        <testcase name="And that I have opened the lid to the deposit" classname=";" time="0.0000993">
        </testcase>
        <testcase name="Given that the milk deposit contains 53" classname=";" time="0.000161">
        </testcase>
        <testcase name="And I put in 500 in the milk deposit" classname=";" time="0.000139701">
        </testcase>
        <testcase name="When I close the lid of the deposit" classname=";" time="0.0000555">
        </testcase>
        <testcase name="Then I should have 553 in the milk deposit" classname=";" time="0.000095999">
        </testcase>
    </testsuite>
    <testsuite name=";" tests="6" failures="0" skipped="0">
        <properties>
            <property name="URI" value="C:/Users/jitma/Desktop/Coffee-machine/features/refilling_Interactions.feature">
            </property>
        </properties>
        <testcase name="Given that the machine is plugged in" classname=";" time="0.0000703">
        </testcase>
        <testcase name="And that I have opened the lid to the deposit" classname=";" time="0.0001618">
        </testcase>
        <testcase name="Given that the milk deposit contains 40" classname=";" time="0.000080699">
        </testcase>
        <testcase name="And I put in 623 in the milk deposit" classname=";" time="0.000062">
        </testcase>
        <testcase name="When I close the lid of the deposit" classname=";" time="0.0000574">
        </testcase>
        <testcase name="Then I should have 663 in the milk deposit" classname=";" time="0.000053499">
        </testcase>
    </testsuite>
    <testsuite name=";" tests="6" failures="0" skipped="0">
        <properties>
            <property name="URI" value="C:/Users/jitma/Desktop/Coffee-machine/features/refilling_Interactions.feature">
            </property>
        </properties>
        <testcase name="Given that the machine is plugged in" classname=";" time="0.000074999">
        </testcase>
        <testcase name="And that I have opened the lid to the deposit" classname=";" time="0.0002082">
        </testcase>
        <testcase name="Given that the chocolate deposit contains 250" classname=";" time="0.0001776">
        </testcase>
        <testcase name="And I put in 378 in the chocolate deposit" classname=";" time="0.0001213">
        </testcase>
        <testcase name="When I close the lid of the deposit" classname=";" time="0.000046801">
        </testcase>
        <testcase name="Then I should have 628 in the chocolate deposit" classname=";" time="0.0000919">
        </testcase>
    </testsuite>
    <testsuite name=";" tests="6" failures="0" skipped="0">
        <properties>
            <property name="URI" value="C:/Users/jitma/Desktop/Coffee-machine/features/refilling_Interactions.feature">
            </property>
        </properties>
        <testcase name="Given that the machine is plugged in" classname=";" time="0.0000965">
        </testcase>
        <testcase name="And that I have opened the lid to the deposit" classname=";" time="0.0001317">
        </testcase>
        <testcase name="Given that the chocolate deposit contains 0" classname=";" time="0.0000773">
        </testcase>
        <testcase name="And I put in 925 in the chocolate deposit" classname=";" time="0.0000648">
        </testcase>
        <testcase name="When I close the lid of the deposit" classname=";" time="0.0000543">
        </testcase>
        <testcase name="Then I should have 925 in the chocolate deposit" classname=";" time="0.0000615">
        </testcase>
    </testsuite>
    <testsuite name=";" tests="6" failures="0" skipped="0">
        <properties>
            <property name="URI" value="C:/Users/jitma/Desktop/Coffee-machine/features/refilling_Interactions.feature">
            </property>
        </properties>
        <testcase name="Given that the machine is plugged in" classname=";" time="0.000083299">
        </testcase>
        <testcase name="And that I have opened the lid to the deposit" classname=";" time="0.000079599">
        </testcase>
        <testcase name="Given that the cup deposit contains 20" classname=";" time="0.000164299">
        </testcase>
        <testcase name="And I put in 24 in the cup deposit" classname=";" time="0.0001963">
        </testcase>
        <testcase name="When I close the lid of the deposit" classname=";" time="0.000052101">
        </testcase>
        <testcase name="Then I should have 30 in the cup deposit" classname=";" time="0.000097">
        </testcase>
    </testsuite>
    <testsuite name=";" tests="6" failures="0" skipped="0">
        <properties>
            <property name="URI" value="C:/Users/jitma/Desktop/Coffee-machine/features/refilling_Interactions.feature">
            </property>
        </properties>
        <testcase name="Given that the machine is plugged in" classname=";" time="0.0000754">
        </testcase>
        <testcase name="And that I have opened the lid to the deposit" classname=";" time="0.0001693">
        </testcase>
        <testcase name="Given that the cup deposit contains 10" classname=";" time="0.0001036">
        </testcase>
        <testcase name="And I put in 72 in the cup deposit" classname=";" time="0.000065801">
        </testcase>
        <testcase name="When I close the lid of the deposit" classname=";" time="0.0000578">
        </testcase>
        <testcase name="Then I should have 40 in the cup deposit" classname=";" time="0.0000552">
        </testcase>
    </testsuite>
    <testsuite name=";" tests="7" failures="0" skipped="6">
        <properties>
            <property name="URI" value="C:/Users/jitma/Desktop/Coffee-machine/features/selection_Successful_Interactions.feature">
            </property>
        </properties>
        <testcase name="Given that the machine is plugged in" classname=";" time="0.0000657">
        </testcase>
        <testcase name="And there is water available" classname=";">
            <skipped message="">
            </skipped>
        </testcase>
        <testcase name="And there is enough components for the desired beverage" classname=";">
            <skipped message="">
            </skipped>
        </testcase>
        <testcase name="And the user has paid enough money" classname=";">
            <skipped message="">
            </skipped>
        </testcase>
        <testcase name="Given that the user has selected kaffemjolksocker" classname=";">
            <skipped message="">
            </skipped>
        </testcase>
        <testcase name="When the user has pressed the startbutton" classname=";">
            <skipped message="">
            </skipped>
        </testcase>
        <testcase name="Then the user recieves 1 cup of beverage" classname=";">
            <skipped message="">
            </skipped>
        </testcase>
    </testsuite>
    <testsuite name=";" tests="7" failures="0" skipped="6">
        <properties>
            <property name="URI" value="C:/Users/jitma/Desktop/Coffee-machine/features/selection_Successful_Interactions.feature">
            </property>
        </properties>
        <testcase name="Given that the machine is plugged in" classname=";" time="0.0000884">
        </testcase>
        <testcase name="And there is water available" classname=";">
            <skipped message="">
            </skipped>
        </testcase>
        <testcase name="And there is enough components for the desired beverage" classname=";">
            <skipped message="">
            </skipped>
        </testcase>
        <testcase name="And the user has paid enough money" classname=";">
            <skipped message="">
            </skipped>
        </testcase>
        <testcase name="Given that the user has selected kaffemjolk" classname=";">
            <skipped message="">
            </skipped>
        </testcase>
        <testcase name="When the user has pressed the startbutton" classname=";">
            <skipped message="">
            </skipped>
        </testcase>
        <testcase name="Then the user recieves 1 cup of beverage" classname=";">
            <skipped message="">
            </skipped>
        </testcase>
    </testsuite>
    <testsuite name=";" tests="7" failures="0" skipped="6">
        <properties>
            <property name="URI" value="C:/Users/jitma/Desktop/Coffee-machine/features/selection_Successful_Interactions.feature">
            </property>
        </properties>
        <testcase name="Given that the machine is plugged in" classname=";" time="0.0000681">
        </testcase>
        <testcase name="And there is water available" classname=";">
            <skipped message="">
            </skipped>
        </testcase>
        <testcase name="And there is enough components for the desired beverage" classname=";">
            <skipped message="">
            </skipped>
        </testcase>
        <testcase name="And the user has paid enough money" classname=";">
            <skipped message="">
            </skipped>
        </testcase>
        <testcase name="Given that the user has selected kaffesocker" classname=";">
            <skipped message="">
            </skipped>
        </testcase>
        <testcase name="When the user has pressed the startbutton" classname=";">
            <skipped message="">
            </skipped>
        </testcase>
        <testcase name="Then the user recieves 1 cup of beverage" classname=";">
            <skipped message="">
            </skipped>
        </testcase>
    </testsuite>
    <testsuite name=";" tests="7" failures="0" skipped="6">
        <properties>
            <property name="URI" value="C:/Users/jitma/Desktop/Coffee-machine/features/selection_Successful_Interactions.feature">
            </property>
        </properties>
        <testcase name="Given that the machine is plugged in" classname=";" time="0.0000663">
        </testcase>
        <testcase name="And there is water available" classname=";">
            <skipped message="">
            </skipped>
        </testcase>
        <testcase name="And there is enough components for the desired beverage" classname=";">
            <skipped message="">
            </skipped>
        </testcase>
        <testcase name="And the user has paid enough money" classname=";">
            <skipped message="">
            </skipped>
        </testcase>
        <testcase name="Given that the user has selected kaffe" classname=";">
            <skipped message="">
            </skipped>
        </testcase>
        <testcase name="When the user has pressed the startbutton" classname=";">
            <skipped message="">
            </skipped>
        </testcase>
        <testcase name="Then the user recieves 1 cup of beverage" classname=";">
            <skipped message="">
            </skipped>
        </testcase>
    </testsuite>
    <testsuite name=";" tests="7" failures="0" skipped="6">
        <properties>
            <property name="URI" value="C:/Users/jitma/Desktop/Coffee-machine/features/selection_Successful_Interactions.feature">
            </property>
        </properties>
        <testcase name="Given that the machine is plugged in" classname=";" time="0.0000672">
        </testcase>
        <testcase name="And there is water available" classname=";">
            <skipped message="">
            </skipped>
        </testcase>
        <testcase name="And there is enough components for the desired beverage" classname=";">
            <skipped message="">
            </skipped>
        </testcase>
        <testcase name="And the user has paid enough money" classname=";">
            <skipped message="">
            </skipped>
        </testcase>
        <testcase name="Given that the user has selected latte" classname=";">
            <skipped message="">
            </skipped>
        </testcase>
        <testcase name="When the user has pressed the startbutton" classname=";">
            <skipped message="">
            </skipped>
        </testcase>
        <testcase name="Then the user recieves 1 cup of beverage" classname=";">
            <skipped message="">
            </skipped>
        </testcase>
    </testsuite>
    <testsuite name=";" tests="7" failures="0" skipped="6">
        <properties>
            <property name="URI" value="C:/Users/jitma/Desktop/Coffee-machine/features/selection_Successful_Interactions.feature">
            </property>
        </properties>
        <testcase name="Given that the machine is plugged in" classname=";" time="0.0000653">
        </testcase>
        <testcase name="And there is water available" classname=";">
            <skipped message="">
            </skipped>
        </testcase>
        <testcase name="And there is enough components for the desired beverage" classname=";">
            <skipped message="">
            </skipped>
        </testcase>
        <testcase name="And the user has paid enough money" classname=";">
            <skipped message="">
            </skipped>
        </testcase>
        <testcase name="Given that the user has selected te" classname=";">
            <skipped message="">
            </skipped>
        </testcase>
        <testcase name="When the user has pressed the startbutton" classname=";">
            <skipped message="">
            </skipped>
        </testcase>
        <testcase name="Then the user recieves 1 cup of beverage" classname=";">
            <skipped message="">
            </skipped>
        </testcase>
    </testsuite>
    <testsuite name=";" tests="7" failures="0" skipped="6">
        <properties>
            <property name="URI" value="C:/Users/jitma/Desktop/Coffee-machine/features/selection_Successful_Interactions.feature">
            </property>
        </properties>
        <testcase name="Given that the machine is plugged in" classname=";" time="0.000135999">
        </testcase>
        <testcase name="And there is water available" classname=";">
            <skipped message="">
            </skipped>
        </testcase>
        <testcase name="And there is enough components for the desired beverage" classname=";">
            <skipped message="">
            </skipped>
        </testcase>
        <testcase name="And the user has paid enough money" classname=";">
            <skipped message="">
            </skipped>
        </testcase>
        <testcase name="Given that the user has selected choklad" classname=";">
            <skipped message="">
            </skipped>
        </testcase>
        <testcase name="When the user has pressed the startbutton" classname=";">
            <skipped message="">
            </skipped>
        </testcase>
        <testcase name="Then the user recieves 1 cup of beverage" classname=";">
            <skipped message="">
            </skipped>
        </testcase>
    </testsuite>
    <testsuite name=";" tests="7" failures="0" skipped="6">
        <properties>
            <property name="URI" value="C:/Users/jitma/Desktop/Coffee-machine/features/selection_Successful_Interactions.feature">
            </property>
        </properties>
        <testcase name="Given that the machine is plugged in" classname=";" time="0.0000654">
        </testcase>
        <testcase name="And there is water available" classname=";">
            <skipped message="">
            </skipped>
        </testcase>
        <testcase name="And there is enough components for the desired beverage" classname=";">
            <skipped message="">
            </skipped>
        </testcase>
        <testcase name="And the user has paid enough money" classname=";">
            <skipped message="">
            </skipped>
        </testcase>
        <testcase name="Given that the user has selected kanna" classname=";">
            <skipped message="">
            </skipped>
        </testcase>
        <testcase name="When the user has pressed the startbutton" classname=";">
            <skipped message="">
            </skipped>
        </testcase>
        <testcase name="Then the user recieves 0 cup of beverage" classname=";">
            <skipped message="">
            </skipped>
        </testcase>
    </testsuite>
    <testsuite name=";user-selects-a-beverage(coffee,latte,te,chocolate),-the-button-lights-up-and-the-others-goes-dark" tests="9" failures="0" skipped="8">
        <properties>
            <property name="URI" value="C:/Users/jitma/Desktop/Coffee-machine/features/selection_Successful_Interactions.feature">
            </property>
        </properties>
        <testcase name="Given that the machine is plugged in" classname=";user-selects-a-beverage(coffee,latte,te,chocolate),-the-button-lights-up-and-the-others-goes-dark" time="0.0001128">
        </testcase>
        <testcase name="And there is water available" classname=";user-selects-a-beverage(coffee,latte,te,chocolate),-the-button-lights-up-and-the-others-goes-dark">
            <skipped message="">
            </skipped>
        </testcase>
        <testcase name="And there is enough components for the desired beverage" classname=";user-selects-a-beverage(coffee,latte,te,chocolate),-the-button-lights-up-and-the-others-goes-dark">
            <skipped message="">
            </skipped>
        </testcase>
        <testcase name="And the user has paid enough money" classname=";user-selects-a-beverage(coffee,latte,te,chocolate),-the-button-lights-up-and-the-others-goes-dark">
            <skipped message="">
            </skipped>
        </testcase>
        <testcase name="When the user presses the kaffe button" classname=";user-selects-a-beverage(coffee,latte,te,chocolate),-the-button-lights-up-and-the-others-goes-dark">
            <skipped message="">
            </skipped>
        </testcase>
        <testcase name="Then the button should light up" classname=";user-selects-a-beverage(coffee,latte,te,chocolate),-the-button-lights-up-and-the-others-goes-dark">
            <skipped message="">
            </skipped>
        </testcase>
        <testcase name="And the te should go dark" classname=";user-selects-a-beverage(coffee,latte,te,chocolate),-the-button-lights-up-and-the-others-goes-dark">
            <skipped message="">
            </skipped>
        </testcase>
        <testcase name="And the latte should go dark" classname=";user-selects-a-beverage(coffee,latte,te,chocolate),-the-button-lights-up-and-the-others-goes-dark">
            <skipped message="">
            </skipped>
        </testcase>
        <testcase name="And the chocolate should go dark" classname=";user-selects-a-beverage(coffee,latte,te,chocolate),-the-button-lights-up-and-the-others-goes-dark">
            <skipped message="">
            </skipped>
        </testcase>
    </testsuite>
    <testsuite name=";user-selects-a-beverage(coffee,latte,te,chocolate),-the-button-lights-up-and-the-others-goes-dark" tests="9" failures="0" skipped="8">
        <properties>
            <property name="URI" value="C:/Users/jitma/Desktop/Coffee-machine/features/selection_Successful_Interactions.feature">
            </property>
        </properties>
        <testcase name="Given that the machine is plugged in" classname=";user-selects-a-beverage(coffee,latte,te,chocolate),-the-button-lights-up-and-the-others-goes-dark" time="0.000076099">
        </testcase>
        <testcase name="And there is water available" classname=";user-selects-a-beverage(coffee,latte,te,chocolate),-the-button-lights-up-and-the-others-goes-dark">
            <skipped message="">
            </skipped>
        </testcase>
        <testcase name="And there is enough components for the desired beverage" classname=";user-selects-a-beverage(coffee,latte,te,chocolate),-the-button-lights-up-and-the-others-goes-dark">
            <skipped message="">
            </skipped>
        </testcase>
        <testcase name="And the user has paid enough money" classname=";user-selects-a-beverage(coffee,latte,te,chocolate),-the-button-lights-up-and-the-others-goes-dark">
            <skipped message="">
            </skipped>
        </testcase>
        <testcase name="When the user presses the latte button" classname=";user-selects-a-beverage(coffee,latte,te,chocolate),-the-button-lights-up-and-the-others-goes-dark">
            <skipped message="">
            </skipped>
        </testcase>
        <testcase name="Then the button should light up" classname=";user-selects-a-beverage(coffee,latte,te,chocolate),-the-button-lights-up-and-the-others-goes-dark">
            <skipped message="">
            </skipped>
        </testcase>
        <testcase name="And the kaffe should go dark" classname=";user-selects-a-beverage(coffee,latte,te,chocolate),-the-button-lights-up-and-the-others-goes-dark">
            <skipped message="">
            </skipped>
        </testcase>
        <testcase name="And the te should go dark" classname=";user-selects-a-beverage(coffee,latte,te,chocolate),-the-button-lights-up-and-the-others-goes-dark">
            <skipped message="">
            </skipped>
        </testcase>
        <testcase name="And the chocolate should go dark" classname=";user-selects-a-beverage(coffee,latte,te,chocolate),-the-button-lights-up-and-the-others-goes-dark">
            <skipped message="">
            </skipped>
        </testcase>
    </testsuite>
    <testsuite name=";user-selects-a-beverage(coffee,latte,te,chocolate),-the-button-lights-up-and-the-others-goes-dark" tests="9" failures="0" skipped="8">
        <properties>
            <property name="URI" value="C:/Users/jitma/Desktop/Coffee-machine/features/selection_Successful_Interactions.feature">
            </property>
        </properties>
        <testcase name="Given that the machine is plugged in" classname=";user-selects-a-beverage(coffee,latte,te,chocolate),-the-button-lights-up-and-the-others-goes-dark" time="0.0000898">
        </testcase>
        <testcase name="And there is water available" classname=";user-selects-a-beverage(coffee,latte,te,chocolate),-the-button-lights-up-and-the-others-goes-dark">
            <skipped message="">
            </skipped>
        </testcase>
        <testcase name="And there is enough components for the desired beverage" classname=";user-selects-a-beverage(coffee,latte,te,chocolate),-the-button-lights-up-and-the-others-goes-dark">
            <skipped message="">
            </skipped>
        </testcase>
        <testcase name="And the user has paid enough money" classname=";user-selects-a-beverage(coffee,latte,te,chocolate),-the-button-lights-up-and-the-others-goes-dark">
            <skipped message="">
            </skipped>
        </testcase>
        <testcase name="When the user presses the te button" classname=";user-selects-a-beverage(coffee,latte,te,chocolate),-the-button-lights-up-and-the-others-goes-dark">
            <skipped message="">
            </skipped>
        </testcase>
        <testcase name="Then the button should light up" classname=";user-selects-a-beverage(coffee,latte,te,chocolate),-the-button-lights-up-and-the-others-goes-dark">
            <skipped message="">
            </skipped>
        </testcase>
        <testcase name="And the kaffe should go dark" classname=";user-selects-a-beverage(coffee,latte,te,chocolate),-the-button-lights-up-and-the-others-goes-dark">
            <skipped message="">
            </skipped>
        </testcase>
        <testcase name="And the latte should go dark" classname=";user-selects-a-beverage(coffee,latte,te,chocolate),-the-button-lights-up-and-the-others-goes-dark">
            <skipped message="">
            </skipped>
        </testcase>
        <testcase name="And the chocolate should go dark" classname=";user-selects-a-beverage(coffee,latte,te,chocolate),-the-button-lights-up-and-the-others-goes-dark">
            <skipped message="">
            </skipped>
        </testcase>
    </testsuite>
    <testsuite name=";user-selects-a-beverage(coffee,latte,te,chocolate),-the-button-lights-up-and-the-others-goes-dark" tests="9" failures="0" skipped="8">
        <properties>
            <property name="URI" value="C:/Users/jitma/Desktop/Coffee-machine/features/selection_Successful_Interactions.feature">
            </property>
        </properties>
        <testcase name="Given that the machine is plugged in" classname=";user-selects-a-beverage(coffee,latte,te,chocolate),-the-button-lights-up-and-the-others-goes-dark" time="0.000084899">
        </testcase>
        <testcase name="And there is water available" classname=";user-selects-a-beverage(coffee,latte,te,chocolate),-the-button-lights-up-and-the-others-goes-dark">
            <skipped message="">
            </skipped>
        </testcase>
        <testcase name="And there is enough components for the desired beverage" classname=";user-selects-a-beverage(coffee,latte,te,chocolate),-the-button-lights-up-and-the-others-goes-dark">
            <skipped message="">
            </skipped>
        </testcase>
        <testcase name="And the user has paid enough money" classname=";user-selects-a-beverage(coffee,latte,te,chocolate),-the-button-lights-up-and-the-others-goes-dark">
            <skipped message="">
            </skipped>
        </testcase>
        <testcase name="When the user presses the chocolate button" classname=";user-selects-a-beverage(coffee,latte,te,chocolate),-the-button-lights-up-and-the-others-goes-dark">
            <skipped message="">
            </skipped>
        </testcase>
        <testcase name="Then the button should light up" classname=";user-selects-a-beverage(coffee,latte,te,chocolate),-the-button-lights-up-and-the-others-goes-dark">
            <skipped message="">
            </skipped>
        </testcase>
        <testcase name="And the kaffe should go dark" classname=";user-selects-a-beverage(coffee,latte,te,chocolate),-the-button-lights-up-and-the-others-goes-dark">
            <skipped message="">
            </skipped>
        </testcase>
        <testcase name="And the latte should go dark" classname=";user-selects-a-beverage(coffee,latte,te,chocolate),-the-button-lights-up-and-the-others-goes-dark">
            <skipped message="">
            </skipped>
        </testcase>
        <testcase name="And the te should go dark" classname=";user-selects-a-beverage(coffee,latte,te,chocolate),-the-button-lights-up-and-the-others-goes-dark">
            <skipped message="">
            </skipped>
        </testcase>
    </testsuite>
    <testsuite name=";user-buys-a-coffee-with-milk-and-sugar" tests="7" failures="0" skipped="6">
        <properties>
            <property name="URI" value="C:/Users/jitma/Desktop/Coffee-machine/features/selection_Successful_Interactions.feature">
            </property>
        </properties>
        <testcase name="Given that the machine is plugged in" classname=";user-buys-a-coffee-with-milk-and-sugar" time="0.0000707">
        </testcase>
        <testcase name="And there is water available" classname=";user-buys-a-coffee-with-milk-and-sugar">
            <skipped message="">
            </skipped>
        </testcase>
        <testcase name="And there is enough components for the desired beverage" classname=";user-buys-a-coffee-with-milk-and-sugar">
            <skipped message="">
            </skipped>
        </testcase>
        <testcase name="And the user has paid enough money" classname=";user-buys-a-coffee-with-milk-and-sugar">
            <skipped message="">
            </skipped>
        </testcase>
        <testcase name="When the user selects a coffee with milk and sugar" classname=";user-buys-a-coffee-with-milk-and-sugar">
            <skipped message="">
            </skipped>
        </testcase>
        <testcase name="And presses the startbutton" classname=";user-buys-a-coffee-with-milk-and-sugar">
            <skipped message="">
            </skipped>
        </testcase>
        <testcase name="Then the coffee machine brews a coffee with milk and sugar" classname=";user-buys-a-coffee-with-milk-and-sugar">
            <skipped message="">
            </skipped>
        </testcase>
    </testsuite>
    <testsuite name=";user-buys-a-beverage-with-missing-ingredients" tests="6" failures="0" skipped="5">
        <properties>
            <property name="URI" value="C:/Users/jitma/Desktop/Coffee-machine/features/selection_Unsuccessful_Interactions.feature">
            </property>
        </properties>
        <testcase name="Given that the machine is plugged in" classname=";user-buys-a-beverage-with-missing-ingredients" time="0.0000687">
        </testcase>
        <testcase name="Given that the user has selected kaffesockermjolk" classname=";user-buys-a-beverage-with-missing-ingredients">
            <skipped message="">
            </skipped>
        </testcase>
        <testcase name="And there is not enough kaffe" classname=";user-buys-a-beverage-with-missing-ingredients">
            <skipped message="">
            </skipped>
        </testcase>
        <testcase name="When the user presses the startbutton" classname=";user-buys-a-beverage-with-missing-ingredients">
            <skipped message="">
            </skipped>
        </testcase>
        <testcase name="Then the machine does not brew" classname=";user-buys-a-beverage-with-missing-ingredients">
            <skipped message="">
            </skipped>
        </testcase>
        <testcase name="And displays: &apos;Not enough coffee, refill&apos;" classname=";user-buys-a-beverage-with-missing-ingredients">
            <skipped message="">
            </skipped>
        </testcase>
    </testsuite>
    <testsuite name=";user-buys-a-beverage-with-missing-ingredients" tests="6" failures="0" skipped="5">
        <properties>
            <property name="URI" value="C:/Users/jitma/Desktop/Coffee-machine/features/selection_Unsuccessful_Interactions.feature">
            </property>
        </properties>
        <testcase name="Given that the machine is plugged in" classname=";user-buys-a-beverage-with-missing-ingredients" time="0.000084901">
        </testcase>
        <testcase name="Given that the user has selected kaffesocker" classname=";user-buys-a-beverage-with-missing-ingredients">
            <skipped message="">
            </skipped>
        </testcase>
        <testcase name="And there is not enough socker" classname=";user-buys-a-beverage-with-missing-ingredients">
            <skipped message="">
            </skipped>
        </testcase>
        <testcase name="When the user presses the startbutton" classname=";user-buys-a-beverage-with-missing-ingredients">
            <skipped message="">
            </skipped>
        </testcase>
        <testcase name="Then the machine does not brew" classname=";user-buys-a-beverage-with-missing-ingredients">
            <skipped message="">
            </skipped>
        </testcase>
        <testcase name="And displays: &apos;Not enough sugar, refill&apos;" classname=";user-buys-a-beverage-with-missing-ingredients">
            <skipped message="">
            </skipped>
        </testcase>
    </testsuite>
    <testsuite name=";user-buys-a-beverage-with-missing-ingredients" tests="6" failures="0" skipped="5">
        <properties>
            <property name="URI" value="C:/Users/jitma/Desktop/Coffee-machine/features/selection_Unsuccessful_Interactions.feature">
            </property>
        </properties>
        <testcase name="Given that the machine is plugged in" classname=";user-buys-a-beverage-with-missing-ingredients" time="0.000063801">
        </testcase>
        <testcase name="Given that the user has selected kaffemjolk" classname=";user-buys-a-beverage-with-missing-ingredients">
            <skipped message="">
            </skipped>
        </testcase>
        <testcase name="And there is not enough mjolk" classname=";user-buys-a-beverage-with-missing-ingredients">
            <skipped message="">
            </skipped>
        </testcase>
        <testcase name="When the user presses the startbutton" classname=";user-buys-a-beverage-with-missing-ingredients">
            <skipped message="">
            </skipped>
        </testcase>
        <testcase name="Then the machine does not brew" classname=";user-buys-a-beverage-with-missing-ingredients">
            <skipped message="">
            </skipped>
        </testcase>
        <testcase name="And displays: &apos;Not enough milk, refill&apos;" classname=";user-buys-a-beverage-with-missing-ingredients">
            <skipped message="">
            </skipped>
        </testcase>
    </testsuite>
    <testsuite name=";user-buys-a-beverage-with-missing-ingredients" tests="6" failures="0" skipped="5">
        <properties>
            <property name="URI" value="C:/Users/jitma/Desktop/Coffee-machine/features/selection_Unsuccessful_Interactions.feature">
            </property>
        </properties>
        <testcase name="Given that the machine is plugged in" classname=";user-buys-a-beverage-with-missing-ingredients" time="0.0000693">
        </testcase>
        <testcase name="Given that the user has selected kaffe" classname=";user-buys-a-beverage-with-missing-ingredients">
            <skipped message="">
            </skipped>
        </testcase>
        <testcase name="And there is not enough vatten" classname=";user-buys-a-beverage-with-missing-ingredients">
            <skipped message="">
            </skipped>
        </testcase>
        <testcase name="When the user presses the startbutton" classname=";user-buys-a-beverage-with-missing-ingredients">
            <skipped message="">
            </skipped>
        </testcase>
        <testcase name="Then the machine does not brew" classname=";user-buys-a-beverage-with-missing-ingredients">
            <skipped message="">
            </skipped>
        </testcase>
        <testcase name="And displays: &apos;No water supply connected, call maintenance&apos;" classname=";user-buys-a-beverage-with-missing-ingredients">
            <skipped message="">
            </skipped>
        </testcase>
    </testsuite>
    <testsuite name=";user-buys-a-beverage-with-missing-ingredients" tests="6" failures="0" skipped="5">
        <properties>
            <property name="URI" value="C:/Users/jitma/Desktop/Coffee-machine/features/selection_Unsuccessful_Interactions.feature">
            </property>
        </properties>
        <testcase name="Given that the machine is plugged in" classname=";user-buys-a-beverage-with-missing-ingredients" time="0.000074501">
        </testcase>
        <testcase name="Given that the user has selected te" classname=";user-buys-a-beverage-with-missing-ingredients">
            <skipped message="">
            </skipped>
        </testcase>
        <testcase name="And there is not enough cups" classname=";user-buys-a-beverage-with-missing-ingredients">
            <skipped message="">
            </skipped>
        </testcase>
        <testcase name="When the user presses the startbutton" classname=";user-buys-a-beverage-with-missing-ingredients">
            <skipped message="">
            </skipped>
        </testcase>
        <testcase name="Then the machine does not brew" classname=";user-buys-a-beverage-with-missing-ingredients">
            <skipped message="">
            </skipped>
        </testcase>
        <testcase name="And displays: &apos;No more cups, refill&apos;" classname=";user-buys-a-beverage-with-missing-ingredients">
            <skipped message="">
            </skipped>
        </testcase>
    </testsuite>
    <testsuite name=";user-buys-a-beverage-with-missing-ingredients" tests="6" failures="0" skipped="5">
        <properties>
            <property name="URI" value="C:/Users/jitma/Desktop/Coffee-machine/features/selection_Unsuccessful_Interactions.feature">
            </property>
        </properties>
        <testcase name="Given that the machine is plugged in" classname=";user-buys-a-beverage-with-missing-ingredients" time="0.0000696">
        </testcase>
        <testcase name="Given that the user has selected choklad" classname=";user-buys-a-beverage-with-missing-ingredients">
            <skipped message="">
            </skipped>
        </testcase>
        <testcase name="And there is not enough choklad" classname=";user-buys-a-beverage-with-missing-ingredients">
            <skipped message="">
            </skipped>
        </testcase>
        <testcase name="When the user presses the startbutton" classname=";user-buys-a-beverage-with-missing-ingredients">
            <skipped message="">
            </skipped>
        </testcase>
        <testcase name="Then the machine does not brew" classname=";user-buys-a-beverage-with-missing-ingredients">
            <skipped message="">
            </skipped>
        </testcase>
        <testcase name="And displays: &apos;Not enough chocolate, refill&apos;" classname=";user-buys-a-beverage-with-missing-ingredients">
            <skipped message="">
            </skipped>
        </testcase>
    </testsuite>
    <testsuite name=";user-buys-a-beverage-with-missing-ingredients" tests="6" failures="0" skipped="5">
        <properties>
            <property name="URI" value="C:/Users/jitma/Desktop/Coffee-machine/features/selection_Unsuccessful_Interactions.feature">
            </property>
        </properties>
        <testcase name="Given that the machine is plugged in" classname=";user-buys-a-beverage-with-missing-ingredients" time="0.0000693">
        </testcase>
        <testcase name="Given that the user has selected latte" classname=";user-buys-a-beverage-with-missing-ingredients">
            <skipped message="">
            </skipped>
        </testcase>
        <testcase name="And there is not enough mjolk" classname=";user-buys-a-beverage-with-missing-ingredients">
            <skipped message="">
            </skipped>
        </testcase>
        <testcase name="When the user presses the startbutton" classname=";user-buys-a-beverage-with-missing-ingredients">
            <skipped message="">
            </skipped>
        </testcase>
        <testcase name="Then the machine does not brew" classname=";user-buys-a-beverage-with-missing-ingredients">
            <skipped message="">
            </skipped>
        </testcase>
        <testcase name="And displays: &apos;Not enough milk, refill&apos;" classname=";user-buys-a-beverage-with-missing-ingredients">
            <skipped message="">
            </skipped>
        </testcase>
    </testsuite>
    <testsuite name=";user-buys-a-beverage-with-missing-ingredients" tests="6" failures="0" skipped="5">
        <properties>
            <property name="URI" value="C:/Users/jitma/Desktop/Coffee-machine/features/selection_Unsuccessful_Interactions.feature">
            </property>
        </properties>
        <testcase name="Given that the machine is plugged in" classname=";user-buys-a-beverage-with-missing-ingredients" time="0.001413">
        </testcase>
        <testcase name="Given that the user has selected kanna" classname=";user-buys-a-beverage-with-missing-ingredients">
            <skipped message="">
            </skipped>
        </testcase>
        <testcase name="And there is not enough kaffe" classname=";user-buys-a-beverage-with-missing-ingredients">
            <skipped message="">
            </skipped>
        </testcase>
        <testcase name="When the user presses the startbutton" classname=";user-buys-a-beverage-with-missing-ingredients">
            <skipped message="">
            </skipped>
        </testcase>
        <testcase name="Then the machine does not brew" classname=";user-buys-a-beverage-with-missing-ingredients">
            <skipped message="">
            </skipped>
        </testcase>
        <testcase name="And displays: &apos;Not enough coffee, refill&apos;" classname=";user-buys-a-beverage-with-missing-ingredients">
            <skipped message="">
            </skipped>
        </testcase>
    </testsuite>
    <testsuite name=";the-user-tries-to-buy-a-beverage-when-the-catch-spillage-compartment-is-full" tests="6" failures="0" skipped="5">
        <properties>
            <property name="URI" value="C:/Users/jitma/Desktop/Coffee-machine/features/selection_Unsuccessful_Interactions.feature">
            </property>
        </properties>
        <testcase name="Given that the machine is plugged in" classname=";the-user-tries-to-buy-a-beverage-when-the-catch-spillage-compartment-is-full" time="0.000095">
        </testcase>
        <testcase name="Given that the catch-spill compartment is full" classname=";the-user-tries-to-buy-a-beverage-when-the-catch-spillage-compartment-is-full">
            <skipped message="">
            </skipped>
        </testcase>
        <testcase name="And the user has selected a beverage" classname=";the-user-tries-to-buy-a-beverage-when-the-catch-spillage-compartment-is-full">
            <skipped message="">
            </skipped>
        </testcase>
        <testcase name="When the user presses the startbutton" classname=";the-user-tries-to-buy-a-beverage-when-the-catch-spillage-compartment-is-full">
            <skipped message="">
            </skipped>
        </testcase>
        <testcase name="Then no beverage gets brewed" classname=";the-user-tries-to-buy-a-beverage-when-the-catch-spillage-compartment-is-full">
            <skipped message="">
            </skipped>
        </testcase>
        <testcase name="And an error message is displayed: &apos;Empty the spillage compartment&apos;" classname=";the-user-tries-to-buy-a-beverage-when-the-catch-spillage-compartment-is-full">
            <skipped message="">
            </skipped>
        </testcase>
    </testsuite>
</testsuites>